<?xml version="1.0" encoding="UTF-8"?>
<!-- Generated by org.testng.reporters.JUnitReportReporter -->
<testsuite skipped="0" hostname="LAPTOP-13CN4A78" name="webdriverMaven.LoginTest" tests="1" failures="0" timestamp="13 九月 2019 15:57:33 GMT" time="11.693" errors="0">
  <testcase name="doLogin" time="11.693" classname="webdriverMaven.LoginTest"/>
</testsuite> <!-- webdriverMaven.LoginTest -->
