<?xml version="1.0" encoding="UTF-8"?>
<!-- Generated by org.testng.reporters.JUnitReportReporter -->
<testsuite skipped="0" hostname="LAPTOP-13CN4A78" name="webdriverMaven.LoginTest" tests="1" failures="0" timestamp="13 九月 2019 01:30:57 GMT" time="3.682" errors="0">
  <testcase name="doLogin" time="3.682" classname="webdriverMaven.LoginTest"/>
</testsuite> <!-- webdriverMaven.LoginTest -->
